#
# A fatal error has been detected by the Java Runtime Environment:
#
#  EXCEPTION_ACCESS_VIOLATION (0xc0000005) at pc=0x00007ff88795e9b9, pid=11968, tid=19564
#
# JRE version: OpenJDK Runtime Environment (11.0.7+10) (build 11.0.7+10-LTS)
# Java VM: OpenJDK 64-Bit Server VM (11.0.7+10-LTS, mixed mode, tiered, compressed oops, g1 gc, windows-amd64)
# Problematic frame:
# V  [jvm.dll+0x6ce9b9]
#
# No core dump will be written. Minidumps are not enabled by default on client versions of Windows
#
# If you would like to submit a bug report, please visit:
#   http://bugreport.java.com/bugreport/crash.jsp
#

---------------  S U M M A R Y ------------

Command Line: -Dcom.sun.management.jmxremote -Dcom.sun.management.jmxremote.port=54046 -Dcom.sun.management.jmxremote.authenticate=false -Dcom.sun.management.jmxremote.ssl=false -Djava.rmi.server.hostname=localhost -Dspring.jmx.enabled=true -Dspring.application.admin.enabled=true -Xverify:none -XX:TieredStopAtLevel=1 -Dspring.boot.project.name=spring-projeto-curso -Dfile.encoding=UTF-8 com.curso.spring.SpringProjetoCursoApplication --spring.output.ansi.enabled=always

Host: AMD Ryzen 7 3800X 8-Core Processor             , 16 cores, 15G,  Windows 10 , 64 bit Build 18362 (10.0.18362.900)
Time: Sat Jun 13 15:51:42 2020 Hora oficial do Brasil elapsed time: 0 seconds (0d 0h 0m 0s)

---------------  T H R E A D  ---------------

Current thread (0x000001f61f868800):  WatcherThread [stack: 0x0000001cb1600000,0x0000001cb1700000] [id=19564]

Stack: [0x0000001cb1600000,0x0000001cb1700000],  sp=0x0000001cb16ff800,  free space=1022k
Native frames: (J=compiled Java code, j=interpreted, Vv=VM code, C=native code)
V  [jvm.dll+0x6ce9b9]
V  [jvm.dll+0x7199ad]
V  [jvm.dll+0x73f539]
V  [jvm.dll+0x738624]
V  [jvm.dll+0x5e2c56]
C  [ucrtbase.dll+0x20e82]
C  [KERNEL32.DLL+0x17bd4]
C  [ntdll.dll+0x6ce51]


siginfo: EXCEPTION_ACCESS_VIOLATION (0xc0000005), reading address 0x0000000400000003


Register to memory mapping:

RIP=0x00007ff88795e9b9 jvm.dll
RAX=0x000001f61f8246e0 points into unknown readable memory: 03 00 00 00 04 00 00 00
RBX=0x0 is NULL
RCX=0x0000000400000003 is an unknown value
RDX=0x0000000000000032 is an unknown value
RSP=0x0000001cb16ff800 points into unknown readable memory: 04 bb 3f 4e 8c da 00 00
RBP=0x0000000000000002 is an unknown value
RSI=0x000001f61f824690 points into unknown readable memory: c0 e0 8b 1f f6 01 00 00
RDI=0x0 is NULL
R8 =0x0 is NULL
R9 =0x000000007ffef000 points into unknown readable memory: 48 61 6c 54 00 00 00 00
R10=0x00000000546c6148 is an unknown value
R11=0x0000015d0b7fbfd1 is an unknown value
R12=0x0 is NULL
R13=0x000001f61f868800 points into unknown readable memory: 68 3c b7 87 f8 7f 00 00
R14=0x0000000000000032 is an unknown value
R15=0x000001f61f836980 points into unknown readable memory: 00 00 00 00 00 00 00 00


Registers:
RAX=0x000001f61f8246e0, RBX=0x0000000000000000, RCX=0x0000000400000003, RDX=0x0000000000000032
RSP=0x0000001cb16ff800, RBP=0x0000000000000002, RSI=0x000001f61f824690, RDI=0x0000000000000000
R8 =0x0000000000000000, R9 =0x000000007ffef000, R10=0x00000000546c6148, R11=0x0000015d0b7fbfd1
R12=0x0000000000000000, R13=0x000001f61f868800, R14=0x0000000000000032, R15=0x000001f61f836980
RIP=0x00007ff88795e9b9, EFLAGS=0x0000000000010202

Top of Stack: (sp=0x0000001cb16ff800)
0x0000001cb16ff800:   0000da8c4e3fbb04 000001f61f868800
0x0000001cb16ff810:   0000000000000001 000001f677642770
0x0000001cb16ff820:   00007ff887d1e538 00007ff8879a99ad
0x0000001cb16ff830:   0000000000000001 000001f677642770
0x0000001cb16ff840:   000001f677642770 0000000000000032
0x0000001cb16ff850:   000001f61f836980 0000da8c4e3fbb04
0x0000001cb16ff860:   000001f677642770 00007ff8879cf539
0x0000001cb16ff870:   0000000000000001 0000000000000032
0x0000001cb16ff880:   0000000000000032 0000000000000002
0x0000001cb16ff890:   00001f800010001b 00007ff887628c0e
0x0000001cb16ff8a0:   00000200002b0000 0000000000000000
0x0000001cb16ff8b0:   0000000000000000 0000000000000000
0x0000001cb16ff8c0:   0000000000000000 0000000000000000
0x0000001cb16ff8d0:   000001f61f868800 0000000000000000
0x0000001cb16ff8e0:   0000000000000000 0000001cb16ffc60
0x0000001cb16ff8f0:   000001f61f868800 00007ff8879c8624 

Instructions: (pc=0x00007ff88795e9b9)
0x00007ff88795e8b9:   00 00 74 6c 48 83 3d 4b ab 3b 00 00 75 62 48 89
0x00007ff88795e8c9:   5c 24 20 e8 2f fb ff ff e8 8a ce f3 ff 45 33 c0
0x00007ff88795e8d9:   48 89 05 38 ab 3b 00 41 8d 50 07 8d 4a 09 e8 24
0x00007ff88795e8e9:   35 9e ff 48 8b d8 48 85 c0 74 1b 48 63 15 45 a4
0x00007ff88795e8f9:   33 00 48 8b c8 e8 fd ad 04 00 48 8d 05 4e 0b 21
0x00007ff88795e909:   00 48 89 03 eb 02 33 db 48 8b cb 48 89 1d f5 aa
0x00007ff88795e919:   3b 00 48 8b 5c 24 20 48 83 c4 28 e9 57 af 04 00
0x00007ff88795e929:   48 83 c4 28 c3 cc cc 48 89 5c 24 10 56 48 83 ec
0x00007ff88795e939:   20 48 8b 01 33 db 48 8b f1 39 18 7e 2a 48 89 7c
0x00007ff88795e949:   24 30 8b fb 0f 1f 00 48 8b 40 18 48 8b 0c 07 48
0x00007ff88795e959:   8b 01 ff 50 08 48 8b 06 48 8d 7f 08 ff c3 3b 18
0x00007ff88795e969:   7c e5 48 8b 7c 24 30 48 8b 5c 24 38 48 83 c4 20
0x00007ff88795e979:   5e c3 cc cc cc cc cc e9 cb ef f0 ff cc cc cc cc
0x00007ff88795e989:   cc cc cc cc cc cc cc 48 89 5c 24 10 56 48 83 ec
0x00007ff88795e999:   20 48 8b 35 77 aa 3b 00 33 db 48 8b 06 39 18 7e
0x00007ff88795e9a9:   27 48 89 7c 24 30 8b fb 48 8b 40 18 48 8b 0c 07
0x00007ff88795e9b9:   48 8b 01 ff 50 08 48 8b 06 48 8d 7f 08 ff c3 3b
0x00007ff88795e9c9:   18 7c e5 48 8b 7c 24 30 48 8b 5c 24 38 48 83 c4
0x00007ff88795e9d9:   20 5e c3 cc cc cc cc 48 83 ec 28 e8 37 a1 93 ff
0x00007ff88795e9e9:   48 83 c4 28 e9 be 0f 00 00 cc cc cc cc cc cc cc
0x00007ff88795e9f9:   cc cc cc cc cc cc cc 40 53 48 83 ec 20 0f b6 d9
0x00007ff88795ea09:   e8 b2 00 00 00 0f b6 cb 48 83 c4 20 5b e9 b5 10
0x00007ff88795ea19:   00 00 cc cc cc cc cc 40 53 48 83 ec 20 48 8b d9
0x00007ff88795ea29:   e8 b2 1e 00 00 48 8b d3 48 8b c8 4c 8b 00 41 ff
0x00007ff88795ea39:   90 98 00 00 00 48 8b cb 48 83 c4 20 5b e9 f5 64
0x00007ff88795ea49:   f1 ff cc cc cc cc cc 48 83 ec 28 e8 87 1e 00 00
0x00007ff88795ea59:   48 8b c8 48 8b 10 48 83 c4 28 48 ff a2 b8 00 00
0x00007ff88795ea69:   00 cc cc cc cc cc cc 48 89 5c 24 08 57 48 83 ec
0x00007ff88795ea79:   20 48 8b 19 48 8b f9 e8 5b 1e 00 00 48 8b d0 48
0x00007ff88795ea89:   8b cf 48 8b 03 48 8b 5c 24 30 48 83 c4 20 5f 48
0x00007ff88795ea99:   ff e0 cc cc cc cc cc 48 83 ec 28 e8 d7 00 00 00
0x00007ff88795eaa9:   48 83 c4 28 e9 1e 1a 00 00 cc cc cc cc cc cc cc 


Stack slot to memory mapping:
stack at sp + 0 slots: 0x0000da8c4e3fbb04 is an unknown value
stack at sp + 1 slots: 0x000001f61f868800 points into unknown readable memory: 68 3c b7 87 f8 7f 00 00
stack at sp + 2 slots: 0x0000000000000001 is an unknown value
stack at sp + 3 slots: 0x000001f677642770 points into unknown readable memory: 01 00 00 00 00 00 00 00
stack at sp + 4 slots: 0x00007ff887d1e538 jvm.dll
stack at sp + 5 slots: 0x00007ff8879a99ad jvm.dll
stack at sp + 6 slots: 0x0000000000000001 is an unknown value
stack at sp + 7 slots: 0x000001f677642770 points into unknown readable memory: 01 00 00 00 00 00 00 00


---------------  P R O C E S S  ---------------

Threads class SMR info:
_java_thread_list=0x000001f61f8c1c30, length=16, elements={
0x000001f677645000, 0x000001f61e65e800, 0x000001f61e667800, 0x000001f61e6ba800,
0x000001f61e6bb800, 0x000001f61e6bc800, 0x000001f61e6cd000, 0x000001f61e621000,
0x000001f61e8fb000, 0x000001f61f86f800, 0x000001f61f882800, 0x000001f61f883000,
0x000001f61f966800, 0x000001f61f967000, 0x000001f61f983000, 0x000001f61f994800
}

Java Threads: ( => current thread )
  0x000001f677645000 JavaThread "main" [_thread_in_native, id=10072, stack(0x0000001caff00000,0x0000001cb0000000)]
  0x000001f61e65e800 JavaThread "Reference Handler" daemon [_thread_blocked, id=19600, stack(0x0000001cb0600000,0x0000001cb0700000)]
  0x000001f61e667800 JavaThread "Finalizer" daemon [_thread_blocked, id=13960, stack(0x0000001cb0700000,0x0000001cb0800000)]
  0x000001f61e6ba800 JavaThread "Signal Dispatcher" daemon [_thread_blocked, id=12072, stack(0x0000001cb0800000,0x0000001cb0900000)]
  0x000001f61e6bb800 JavaThread "Attach Listener" daemon [_thread_blocked, id=2376, stack(0x0000001cb0900000,0x0000001cb0a00000)]
  0x000001f61e6bc800 JavaThread "C1 CompilerThread0" daemon [_thread_blocked, id=18780, stack(0x0000001cb0a00000,0x0000001cb0b00000)]
  0x000001f61e6cd000 JavaThread "Sweeper thread" daemon [_thread_blocked, id=8712, stack(0x0000001cb0b00000,0x0000001cb0c00000)]
  0x000001f61e621000 JavaThread "Common-Cleaner" daemon [_thread_blocked, id=7564, stack(0x0000001cb0c00000,0x0000001cb0d00000)]
  0x000001f61e8fb000 JavaThread "Service Thread" daemon [_thread_blocked, id=18556, stack(0x0000001cb0d00000,0x0000001cb0e00000)]
  0x000001f61f86f800 JavaThread "RMI TCP Accept-0" daemon [_thread_in_native, id=18532, stack(0x0000001cb1300000,0x0000001cb1400000)]
  0x000001f61f882800 JavaThread "RMI TCP Accept-54046" daemon [_thread_in_native, id=6224, stack(0x0000001cb1400000,0x0000001cb1500000)]
  0x000001f61f883000 JavaThread "RMI TCP Accept-0" daemon [_thread_in_native, id=13888, stack(0x0000001cb1500000,0x0000001cb1600000)]
  0x000001f61f966800 JavaThread "RMI TCP Connection(1)-127.0.0.1" daemon [_thread_in_native, id=17776, stack(0x0000001cb1700000,0x0000001cb1800000)]
  0x000001f61f967000 JavaThread "RMI Scheduler(0)" daemon [_thread_blocked, id=12716, stack(0x0000001cb1800000,0x0000001cb1900000)]
  0x000001f61f983000 JavaThread "RMI TCP Connection(2)-127.0.0.1" daemon [_thread_in_native, id=7740, stack(0x0000001cb1900000,0x0000001cb1a00000)]
  0x000001f61f994800 JavaThread "JMX server connection timeout 28" daemon [_thread_blocked, id=20192, stack(0x0000001cb1a00000,0x0000001cb1b00000)]

Other Threads:
  0x000001f61e638000 VMThread "VM Thread" [stack: 0x0000001cb0500000,0x0000001cb0600000] [id=5560]
=>0x000001f61f868800 WatcherThread [stack: 0x0000001cb1600000,0x0000001cb1700000] [id=19564]
  0x000001f67765e800 GCTaskThread "GC Thread#0" [stack: 0x0000001cb0000000,0x0000001cb0100000] [id=9720]
  0x000001f61f826800 GCTaskThread "GC Thread#1" [stack: 0x0000001cb0e00000,0x0000001cb0f00000] [id=14696]
  0x000001f61f827000 GCTaskThread "GC Thread#2" [stack: 0x0000001cb0f00000,0x0000001cb1000000] [id=2996]
  0x000001f61f828000 GCTaskThread "GC Thread#3" [stack: 0x0000001cb1000000,0x0000001cb1100000] [id=6456]
  0x000001f61f828800 GCTaskThread "GC Thread#4" [stack: 0x0000001cb1100000,0x0000001cb1200000] [id=9596]
  0x000001f61f829800 GCTaskThread "GC Thread#5" [stack: 0x0000001cb1200000,0x0000001cb1300000] [id=12508]
  0x000001f6776c0000 ConcurrentGCThread "G1 Main Marker" [stack: 0x0000001cb0100000,0x0000001cb0200000] [id=10816]
  0x000001f6776c1800 ConcurrentGCThread "G1 Conc#0" [stack: 0x0000001cb0200000,0x0000001cb0300000] [id=19736]
  0x000001f61dca1800 ConcurrentGCThread "G1 Refine#0" [stack: 0x0000001cb0300000,0x0000001cb0400000] [id=1280]
  0x000001f61dca4800 ConcurrentGCThread "G1 Young RemSet Sampling" [stack: 0x0000001cb0400000,0x0000001cb0500000] [id=280]

Threads with active compile tasks:

VM state:not at safepoint (normal execution)

VM Mutex/Monitor currently owned by a thread:  ([mutex/lock_event])
[0x000001f677642770] PeriodicTask_lock - owner thread: 0x000001f61f868800

Heap address: 0x0000000701000000, size: 4080 MB, Compressed Oops mode: Zero based, Oop shift amount: 3
Narrow klass base: 0x0000000800000000, Narrow klass shift: 0
Compressed class space size: 1073741824 Address: 0x0000000800000000

Heap:
 garbage-first heap   total 262144K, used 23303K [0x0000000701000000, 0x0000000800000000)
  region size 1024K, 8 young (8192K), 3 survivors (3072K)
 Metaspace       used 12700K, capacity 13155K, committed 13312K, reserved 1060864K
  class space    used 1374K, capacity 1506K, committed 1536K, reserved 1048576K
Heap Regions: E=young(eden), S=young(survivor), O=old, HS=humongous(starts), HC=humongous(continues), CS=collection set, F=free, A=archive, TAMS=top-at-mark-start (previous, next)
|   0|0x0000000701000000, 0x0000000701100000, 0x0000000701100000|100%|HS|  |TAMS 0x0000000701000000, 0x0000000701000000| Complete 
|   1|0x0000000701100000, 0x0000000701200000, 0x0000000701200000|100%| O|  |TAMS 0x0000000701100000, 0x0000000701100000| Untracked 
|   2|0x0000000701200000, 0x0000000701300000, 0x0000000701300000|100%| O|  |TAMS 0x0000000701200000, 0x0000000701200000| Untracked 
|   3|0x0000000701300000, 0x0000000701400000, 0x0000000701400000|100%| O|  |TAMS 0x0000000701300000, 0x0000000701300000| Untracked 
|   4|0x0000000701400000, 0x0000000701500000, 0x0000000701500000|100%| O|  |TAMS 0x0000000701400000, 0x0000000701400000| Untracked 
|   5|0x0000000701500000, 0x0000000701600000, 0x0000000701600000|100%| O|  |TAMS 0x0000000701500000, 0x0000000701500000| Untracked 
|   6|0x0000000701600000, 0x0000000701700000, 0x0000000701700000|100%| O|  |TAMS 0x0000000701600000, 0x0000000701600000| Untracked 
|   7|0x0000000701700000, 0x0000000701800000, 0x0000000701800000|100%| O|  |TAMS 0x0000000701700000, 0x0000000701700000| Untracked 
|   8|0x0000000701800000, 0x0000000701900000, 0x0000000701900000|100%| O|  |TAMS 0x0000000701800000, 0x0000000701800000| Untracked 
|   9|0x0000000701900000, 0x0000000701a00000, 0x0000000701a00000|100%| O|  |TAMS 0x0000000701900000, 0x0000000701900000| Untracked 
|  10|0x0000000701a00000, 0x0000000701b00000, 0x0000000701b00000|100%| O|  |TAMS 0x0000000701a00000, 0x0000000701a00000| Untracked 
|  11|0x0000000701b00000, 0x0000000701c00000, 0x0000000701c00000|100%| O|  |TAMS 0x0000000701b00000, 0x0000000701b00000| Untracked 
|  12|0x0000000701c00000, 0x0000000701d00000, 0x0000000701d00000|100%| O|  |TAMS 0x0000000701c00000, 0x0000000701c00000| Untracked 
|  13|0x0000000701d00000, 0x0000000701e00000, 0x0000000701e00000|100%| O|  |TAMS 0x0000000701d00000, 0x0000000701d00000| Untracked 
|  14|0x0000000701e00000, 0x0000000701f00000, 0x0000000701f00000|100%| O|  |TAMS 0x0000000701e00000, 0x0000000701e00000| Untracked 
|  15|0x0000000701f00000, 0x0000000701fc1c00, 0x0000000702000000| 75%| O|  |TAMS 0x0000000701f00000, 0x0000000701f00000| Untracked 
|  16|0x0000000702000000, 0x0000000702000000, 0x0000000702100000|  0%| F|  |TAMS 0x0000000702000000, 0x0000000702000000| Untracked 
|  17|0x0000000702100000, 0x0000000702100000, 0x0000000702200000|  0%| F|  |TAMS 0x0000000702100000, 0x0000000702100000| Untracked 
|  18|0x0000000702200000, 0x0000000702200000, 0x0000000702300000|  0%| F|  |TAMS 0x0000000702200000, 0x0000000702200000| Untracked 
|  19|0x0000000702300000, 0x0000000702300000, 0x0000000702400000|  0%| F|  |TAMS 0x0000000702300000, 0x0000000702300000| Untracked 
|  20|0x0000000702400000, 0x0000000702400000, 0x0000000702500000|  0%| F|  |TAMS 0x0000000702400000, 0x0000000702400000| Untracked 
|  21|0x0000000702500000, 0x0000000702500000, 0x0000000702600000|  0%| F|  |TAMS 0x0000000702500000, 0x0000000702500000| Untracked 
|  22|0x0000000702600000, 0x0000000702600000, 0x0000000702700000|  0%| F|  |TAMS 0x0000000702600000, 0x0000000702600000| Untracked 
|  23|0x0000000702700000, 0x0000000702700000, 0x0000000702800000|  0%| F|  |TAMS 0x0000000702700000, 0x0000000702700000| Untracked 
|  24|0x0000000702800000, 0x0000000702800000, 0x0000000702900000|  0%| F|  |TAMS 0x0000000702800000, 0x0000000702800000| Untracked 
|  25|0x0000000702900000, 0x0000000702900000, 0x0000000702a00000|  0%| F|  |TAMS 0x0000000702900000, 0x0000000702900000| Untracked 
|  26|0x0000000702a00000, 0x0000000702a00000, 0x0000000702b00000|  0%| F|  |TAMS 0x0000000702a00000, 0x0000000702a00000| Untracked 
|  27|0x0000000702b00000, 0x0000000702b00000, 0x0000000702c00000|  0%| F|  |TAMS 0x0000000702b00000, 0x0000000702b00000| Untracked 
|  28|0x0000000702c00000, 0x0000000702c00000, 0x0000000702d00000|  0%| F|  |TAMS 0x0000000702c00000, 0x0000000702c00000| Untracked 
|  29|0x0000000702d00000, 0x0000000702d00000, 0x0000000702e00000|  0%| F|  |TAMS 0x0000000702d00000, 0x0000000702d00000| Untracked 
|  30|0x0000000702e00000, 0x0000000702e00000, 0x0000000702f00000|  0%| F|  |TAMS 0x0000000702e00000, 0x0000000702e00000| Untracked 
|  31|0x0000000702f00000, 0x0000000702f00000, 0x0000000703000000|  0%| F|  |TAMS 0x0000000702f00000, 0x0000000702f00000| Untracked 
|  32|0x0000000703000000, 0x0000000703000000, 0x0000000703100000|  0%| F|  |TAMS 0x0000000703000000, 0x0000000703000000| Untracked 
|  33|0x0000000703100000, 0x0000000703100000, 0x0000000703200000|  0%| F|  |TAMS 0x0000000703100000, 0x0000000703100000| Untracked 
|  34|0x0000000703200000, 0x0000000703200000, 0x0000000703300000|  0%| F|  |TAMS 0x0000000703200000, 0x0000000703200000| Untracked 
|  35|0x0000000703300000, 0x0000000703300000, 0x0000000703400000|  0%| F|  |TAMS 0x0000000703300000, 0x0000000703300000| Untracked 
|  36|0x0000000703400000, 0x0000000703400000, 0x0000000703500000|  0%| F|  |TAMS 0x0000000703400000, 0x0000000703400000| Untracked 
|  37|0x0000000703500000, 0x0000000703500000, 0x0000000703600000|  0%| F|  |TAMS 0x0000000703500000, 0x0000000703500000| Untracked 
|  38|0x0000000703600000, 0x0000000703600000, 0x0000000703700000|  0%| F|  |TAMS 0x0000000703600000, 0x0000000703600000| Untracked 
|  39|0x0000000703700000, 0x0000000703700000, 0x0000000703800000|  0%| F|  |TAMS 0x0000000703700000, 0x0000000703700000| Untracked 
|  40|0x0000000703800000, 0x0000000703800000, 0x0000000703900000|  0%| F|  |TAMS 0x0000000703800000, 0x0000000703800000| Untracked 
|  41|0x0000000703900000, 0x0000000703900000, 0x0000000703a00000|  0%| F|  |TAMS 0x0000000703900000, 0x0000000703900000| Untracked 
|  42|0x0000000703a00000, 0x0000000703a00000, 0x0000000703b00000|  0%| F|  |TAMS 0x0000000703a00000, 0x0000000703a00000| Untracked 
|  43|0x0000000703b00000, 0x0000000703b00000, 0x0000000703c00000|  0%| F|  |TAMS 0x0000000703b00000, 0x0000000703b00000| Untracked 
|  44|0x0000000703c00000, 0x0000000703c00000, 0x0000000703d00000|  0%| F|  |TAMS 0x0000000703c00000, 0x0000000703c00000| Untracked 
|  45|0x0000000703d00000, 0x0000000703d00000, 0x0000000703e00000|  0%| F|  |TAMS 0x0000000703d00000, 0x0000000703d00000| Untracked 
|  46|0x0000000703e00000, 0x0000000703e00000, 0x0000000703f00000|  0%| F|  |TAMS 0x0000000703e00000, 0x0000000703e00000| Untracked 
|  47|0x0000000703f00000, 0x0000000703f00000, 0x0000000704000000|  0%| F|  |TAMS 0x0000000703f00000, 0x0000000703f00000| Untracked 
|  48|0x0000000704000000, 0x0000000704000000, 0x0000000704100000|  0%| F|  |TAMS 0x0000000704000000, 0x0000000704000000| Untracked 
|  49|0x0000000704100000, 0x0000000704100000, 0x0000000704200000|  0%| F|  |TAMS 0x0000000704100000, 0x0000000704100000| Untracked 
|  50|0x0000000704200000, 0x0000000704200000, 0x0000000704300000|  0%| F|  |TAMS 0x0000000704200000, 0x0000000704200000| Untracked 
|  51|0x0000000704300000, 0x0000000704300000, 0x0000000704400000|  0%| F|  |TAMS 0x0000000704300000, 0x0000000704300000| Untracked 
|  52|0x0000000704400000, 0x0000000704400000, 0x0000000704500000|  0%| F|  |TAMS 0x0000000704400000, 0x0000000704400000| Untracked 
|  53|0x0000000704500000, 0x0000000704500000, 0x0000000704600000|  0%| F|  |TAMS 0x0000000704500000, 0x0000000704500000| Untracked 
|  54|0x0000000704600000, 0x0000000704600000, 0x0000000704700000|  0%| F|  |TAMS 0x0000000704600000, 0x0000000704600000| Untracked 
|  55|0x0000000704700000, 0x0000000704700000, 0x0000000704800000|  0%| F|  |TAMS 0x0000000704700000, 0x0000000704700000| Untracked 
|  56|0x0000000704800000, 0x0000000704800000, 0x0000000704900000|  0%| F|  |TAMS 0x0000000704800000, 0x0000000704800000| Untracked 
|  57|0x0000000704900000, 0x0000000704900000, 0x0000000704a00000|  0%| F|  |TAMS 0x0000000704900000, 0x0000000704900000| Untracked 
|  58|0x0000000704a00000, 0x0000000704a00000, 0x0000000704b00000|  0%| F|  |TAMS 0x0000000704a00000, 0x0000000704a00000| Untracked 
|  59|0x0000000704b00000, 0x0000000704b00000, 0x0000000704c00000|  0%| F|  |TAMS 0x0000000704b00000, 0x0000000704b00000| Untracked 
|  60|0x0000000704c00000, 0x0000000704c00000, 0x0000000704d00000|  0%| F|  |TAMS 0x0000000704c00000, 0x0000000704c00000| Untracked 
|  61|0x0000000704d00000, 0x0000000704d00000, 0x0000000704e00000|  0%| F|  |TAMS 0x0000000704d00000, 0x0000000704d00000| Untracked 
|  62|0x0000000704e00000, 0x0000000704e00000, 0x0000000704f00000|  0%| F|  |TAMS 0x0000000704e00000, 0x0000000704e00000| Untracked 
|  63|0x0000000704f00000, 0x0000000704f00000, 0x0000000705000000|  0%| F|  |TAMS 0x0000000704f00000, 0x0000000704f00000| Untracked 
|  64|0x0000000705000000, 0x0000000705000000, 0x0000000705100000|  0%| F|  |TAMS 0x0000000705000000, 0x0000000705000000| Untracked 
|  65|0x0000000705100000, 0x0000000705100000, 0x0000000705200000|  0%| F|  |TAMS 0x0000000705100000, 0x0000000705100000| Untracked 
|  66|0x0000000705200000, 0x0000000705200000, 0x0000000705300000|  0%| F|  |TAMS 0x0000000705200000, 0x0000000705200000| Untracked 
|  67|0x0000000705300000, 0x0000000705300000, 0x0000000705400000|  0%| F|  |TAMS 0x0000000705300000, 0x0000000705300000| Untracked 
|  68|0x0000000705400000, 0x0000000705400000, 0x0000000705500000|  0%| F|  |TAMS 0x0000000705400000, 0x0000000705400000| Untracked 
|  69|0x0000000705500000, 0x0000000705500000, 0x0000000705600000|  0%| F|  |TAMS 0x0000000705500000, 0x0000000705500000| Untracked 
|  70|0x0000000705600000, 0x0000000705600000, 0x0000000705700000|  0%| F|  |TAMS 0x0000000705600000, 0x0000000705600000| Untracked 
|  71|0x0000000705700000, 0x0000000705700000, 0x0000000705800000|  0%| F|  |TAMS 0x0000000705700000, 0x0000000705700000| Untracked 
|  72|0x0000000705800000, 0x0000000705800000, 0x0000000705900000|  0%| F|  |TAMS 0x0000000705800000, 0x0000000705800000| Untracked 
|  73|0x0000000705900000, 0x0000000705900000, 0x0000000705a00000|  0%| F|  |TAMS 0x0000000705900000, 0x0000000705900000| Untracked 
|  74|0x0000000705a00000, 0x0000000705a00000, 0x0000000705b00000|  0%| F|  |TAMS 0x0000000705a00000, 0x0000000705a00000| Untracked 
|  75|0x0000000705b00000, 0x0000000705b00000, 0x0000000705c00000|  0%| F|  |TAMS 0x0000000705b00000, 0x0000000705b00000| Untracked 
|  76|0x0000000705c00000, 0x0000000705c00000, 0x0000000705d00000|  0%| F|  |TAMS 0x0000000705c00000, 0x0000000705c00000| Untracked 
|  77|0x0000000705d00000, 0x0000000705d00000, 0x0000000705e00000|  0%| F|  |TAMS 0x0000000705d00000, 0x0000000705d00000| Untracked 
|  78|0x0000000705e00000, 0x0000000705e00000, 0x0000000705f00000|  0%| F|  |TAMS 0x0000000705e00000, 0x0000000705e00000| Untracked 
|  79|0x0000000705f00000, 0x0000000705f00000, 0x0000000706000000|  0%| F|  |TAMS 0x0000000705f00000, 0x0000000705f00000| Untracked 
|  80|0x0000000706000000, 0x0000000706000000, 0x0000000706100000|  0%| F|  |TAMS 0x0000000706000000, 0x0000000706000000| Untracked 
|  81|0x0000000706100000, 0x0000000706100000, 0x0000000706200000|  0%| F|  |TAMS 0x0000000706100000, 0x0000000706100000| Untracked 
|  82|0x0000000706200000, 0x0000000706200000, 0x0000000706300000|  0%| F|  |TAMS 0x0000000706200000, 0x0000000706200000| Untracked 
|  83|0x0000000706300000, 0x0000000706300000, 0x0000000706400000|  0%| F|  |TAMS 0x0000000706300000, 0x0000000706300000| Untracked 
|  84|0x0000000706400000, 0x0000000706400000, 0x0000000706500000|  0%| F|  |TAMS 0x0000000706400000, 0x0000000706400000| Untracked 
|  85|0x0000000706500000, 0x0000000706500000, 0x0000000706600000|  0%| F|  |TAMS 0x0000000706500000, 0x0000000706500000| Untracked 
|  86|0x0000000706600000, 0x0000000706600000, 0x0000000706700000|  0%| F|  |TAMS 0x0000000706600000, 0x0000000706600000| Untracked 
|  87|0x0000000706700000, 0x0000000706700000, 0x0000000706800000|  0%| F|  |TAMS 0x0000000706700000, 0x0000000706700000| Untracked 
|  88|0x0000000706800000, 0x0000000706800000, 0x0000000706900000|  0%| F|  |TAMS 0x0000000706800000, 0x0000000706800000| Untracked 
|  89|0x0000000706900000, 0x0000000706900000, 0x0000000706a00000|  0%| F|  |TAMS 0x0000000706900000, 0x0000000706900000| Untracked 
|  90|0x0000000706a00000, 0x0000000706a00000, 0x0000000706b00000|  0%| F|  |TAMS 0x0000000706a00000, 0x0000000706a00000| Untracked 
|  91|0x0000000706b00000, 0x0000000706b00000, 0x0000000706c00000|  0%| F|  |TAMS 0x0000000706b00000, 0x0000000706b00000| Untracked 
|  92|0x0000000706c00000, 0x0000000706c00000, 0x0000000706d00000|  0%| F|  |TAMS 0x0000000706c00000, 0x0000000706c00000| Untracked 
|  93|0x0000000706d00000, 0x0000000706d00000, 0x0000000706e00000|  0%| F|  |TAMS 0x0000000706d00000, 0x0000000706d00000| Untracked 
|  94|0x0000000706e00000, 0x0000000706e00000, 0x0000000706f00000|  0%| F|  |TAMS 0x0000000706e00000, 0x0000000706e00000| Untracked 
|  95|0x0000000706f00000, 0x0000000706f00000, 0x0000000707000000|  0%| F|  |TAMS 0x0000000706f00000, 0x0000000706f00000| Untracked 
|  96|0x0000000707000000, 0x0000000707000000, 0x0000000707100000|  0%| F|  |TAMS 0x0000000707000000, 0x0000000707000000| Untracked 
|  97|0x0000000707100000, 0x0000000707100000, 0x0000000707200000|  0%| F|  |TAMS 0x0000000707100000, 0x0000000707100000| Untracked 
|  98|0x0000000707200000, 0x0000000707200000, 0x0000000707300000|  0%| F|  |TAMS 0x0000000707200000, 0x0000000707200000| Untracked 
|  99|0x0000000707300000, 0x0000000707300000, 0x0000000707400000|  0%| F|  |TAMS 0x0000000707300000, 0x0000000707300000| Untracked 
| 100|0x0000000707400000, 0x0000000707400000, 0x0000000707500000|  0%| F|  |TAMS 0x0000000707400000, 0x0000000707400000| Untracked 
| 101|0x0000000707500000, 0x0000000707500000, 0x0000000707600000|  0%| F|  |TAMS 0x0000000707500000, 0x0000000707500000| Untracked 
| 102|0x0000000707600000, 0x0000000707600000, 0x0000000707700000|  0%| F|  |TAMS 0x0000000707600000, 0x0000000707600000| Untracked 
| 103|0x0000000707700000, 0x0000000707700000, 0x0000000707800000|  0%| F|  |TAMS 0x0000000707700000, 0x0000000707700000| Untracked 
| 104|0x0000000707800000, 0x0000000707800000, 0x0000000707900000|  0%| F|  |TAMS 0x0000000707800000, 0x0000000707800000| Untracked 
| 105|0x0000000707900000, 0x0000000707900000, 0x0000000707a00000|  0%| F|  |TAMS 0x0000000707900000, 0x0000000707900000| Untracked 
| 106|0x0000000707a00000, 0x0000000707a00000, 0x0000000707b00000|  0%| F|  |TAMS 0x0000000707a00000, 0x0000000707a00000| Untracked 
| 107|0x0000000707b00000, 0x0000000707b00000, 0x0000000707c00000|  0%| F|  |TAMS 0x0000000707b00000, 0x0000000707b00000| Untracked 
| 108|0x0000000707c00000, 0x0000000707c00000, 0x0000000707d00000|  0%| F|  |TAMS 0x0000000707c00000, 0x0000000707c00000| Untracked 
| 109|0x0000000707d00000, 0x0000000707d00000, 0x0000000707e00000|  0%| F|  |TAMS 0x0000000707d00000, 0x0000000707d00000| Untracked 
| 110|0x0000000707e00000, 0x0000000707e00000, 0x0000000707f00000|  0%| F|  |TAMS 0x0000000707e00000, 0x0000000707e00000| Untracked 
| 111|0x0000000707f00000, 0x0000000707f00000, 0x0000000708000000|  0%| F|  |TAMS 0x0000000707f00000, 0x0000000707f00000| Untracked 
| 112|0x0000000708000000, 0x0000000708000000, 0x0000000708100000|  0%| F|  |TAMS 0x0000000708000000, 0x0000000708000000| Untracked 
| 113|0x0000000708100000, 0x0000000708100000, 0x0000000708200000|  0%| F|  |TAMS 0x0000000708100000, 0x0000000708100000| Untracked 
| 114|0x0000000708200000, 0x0000000708200000, 0x0000000708300000|  0%| F|  |TAMS 0x0000000708200000, 0x0000000708200000| Untracked 
| 115|0x0000000708300000, 0x0000000708300000, 0x0000000708400000|  0%| F|  |TAMS 0x0000000708300000, 0x0000000708300000| Untracked 
| 116|0x0000000708400000, 0x0000000708400000, 0x0000000708500000|  0%| F|  |TAMS 0x0000000708400000, 0x0000000708400000| Untracked 
| 117|0x0000000708500000, 0x0000000708500000, 0x0000000708600000|  0%| F|  |TAMS 0x0000000708500000, 0x0000000708500000| Untracked 
| 118|0x0000000708600000, 0x0000000708600000, 0x0000000708700000|  0%| F|  |TAMS 0x0000000708600000, 0x0000000708600000| Untracked 
| 119|0x0000000708700000, 0x0000000708700000, 0x0000000708800000|  0%| F|  |TAMS 0x0000000708700000, 0x0000000708700000| Untracked 
| 120|0x0000000708800000, 0x0000000708800000, 0x0000000708900000|  0%| F|  |TAMS 0x0000000708800000, 0x0000000708800000| Untracked 
| 121|0x0000000708900000, 0x0000000708900000, 0x0000000708a00000|  0%| F|  |TAMS 0x0000000708900000, 0x0000000708900000| Untracked 
| 122|0x0000000708a00000, 0x0000000708a00000, 0x0000000708b00000|  0%| F|  |TAMS 0x0000000708a00000, 0x0000000708a00000| Untracked 
| 123|0x0000000708b00000, 0x0000000708b00000, 0x0000000708c00000|  0%| F|  |TAMS 0x0000000708b00000, 0x0000000708b00000| Untracked 
| 124|0x0000000708c00000, 0x0000000708c00000, 0x0000000708d00000|  0%| F|  |TAMS 0x0000000708c00000, 0x0000000708c00000| Untracked 
| 125|0x0000000708d00000, 0x0000000708d00000, 0x0000000708e00000|  0%| F|  |TAMS 0x0000000708d00000, 0x0000000708d00000| Untracked 
| 126|0x0000000708e00000, 0x0000000708e00000, 0x0000000708f00000|  0%| F|  |TAMS 0x0000000708e00000, 0x0000000708e00000| Untracked 
| 127|0x0000000708f00000, 0x0000000708f00000, 0x0000000709000000|  0%| F|  |TAMS 0x0000000708f00000, 0x0000000708f00000| Untracked 
| 128|0x0000000709000000, 0x0000000709000000, 0x0000000709100000|  0%| F|  |TAMS 0x0000000709000000, 0x0000000709000000| Untracked 
| 129|0x0000000709100000, 0x0000000709100000, 0x0000000709200000|  0%| F|  |TAMS 0x0000000709100000, 0x0000000709100000| Untracked 
| 130|0x0000000709200000, 0x0000000709200000, 0x0000000709300000|  0%| F|  |TAMS 0x0000000709200000, 0x0000000709200000| Untracked 
| 131|0x0000000709300000, 0x0000000709300000, 0x0000000709400000|  0%| F|  |TAMS 0x0000000709300000, 0x0000000709300000| Untracked 
| 132|0x0000000709400000, 0x0000000709400000, 0x0000000709500000|  0%| F|  |TAMS 0x0000000709400000, 0x0000000709400000| Untracked 
| 133|0x0000000709500000, 0x0000000709500000, 0x0000000709600000|  0%| F|  |TAMS 0x0000000709500000, 0x0000000709500000| Untracked 
| 134|0x0000000709600000, 0x0000000709600000, 0x0000000709700000|  0%| F|  |TAMS 0x0000000709600000, 0x0000000709600000| Untracked 
| 135|0x0000000709700000, 0x0000000709700000, 0x0000000709800000|  0%| F|  |TAMS 0x0000000709700000, 0x0000000709700000| Untracked 
| 136|0x0000000709800000, 0x0000000709800000, 0x0000000709900000|  0%| F|  |TAMS 0x0000000709800000, 0x0000000709800000| Untracked 
| 137|0x0000000709900000, 0x0000000709900000, 0x0000000709a00000|  0%| F|  |TAMS 0x0000000709900000, 0x0000000709900000| Untracked 
| 138|0x0000000709a00000, 0x0000000709a00000, 0x0000000709b00000|  0%| F|  |TAMS 0x0000000709a00000, 0x0000000709a00000| Untracked 
| 139|0x0000000709b00000, 0x0000000709b00000, 0x0000000709c00000|  0%| F|  |TAMS 0x0000000709b00000, 0x0000000709b00000| Untracked 
| 140|0x0000000709c00000, 0x0000000709c00000, 0x0000000709d00000|  0%| F|  |TAMS 0x0000000709c00000, 0x0000000709c00000| Untracked 
| 141|0x0000000709d00000, 0x0000000709d00000, 0x0000000709e00000|  0%| F|  |TAMS 0x0000000709d00000, 0x0000000709d00000| Untracked 
| 142|0x0000000709e00000, 0x0000000709e00000, 0x0000000709f00000|  0%| F|  |TAMS 0x0000000709e00000, 0x0000000709e00000| Untracked 
| 143|0x0000000709f00000, 0x0000000709f00000, 0x000000070a000000|  0%| F|  |TAMS 0x0000000709f00000, 0x0000000709f00000| Untracked 
| 144|0x000000070a000000, 0x000000070a000000, 0x000000070a100000|  0%| F|  |TAMS 0x000000070a000000, 0x000000070a000000| Untracked 
| 145|0x000000070a100000, 0x000000070a100000, 0x000000070a200000|  0%| F|  |TAMS 0x000000070a100000, 0x000000070a100000| Untracked 
| 146|0x000000070a200000, 0x000000070a200000, 0x000000070a300000|  0%| F|  |TAMS 0x000000070a200000, 0x000000070a200000| Untracked 
| 147|0x000000070a300000, 0x000000070a300000, 0x000000070a400000|  0%| F|  |TAMS 0x000000070a300000, 0x000000070a300000| Untracked 
| 148|0x000000070a400000, 0x000000070a400000, 0x000000070a500000|  0%| F|  |TAMS 0x000000070a400000, 0x000000070a400000| Untracked 
| 149|0x000000070a500000, 0x000000070a500000, 0x000000070a600000|  0%| F|  |TAMS 0x000000070a500000, 0x000000070a500000| Untracked 
| 150|0x000000070a600000, 0x000000070a600000, 0x000000070a700000|  0%| F|  |TAMS 0x000000070a600000, 0x000000070a600000| Untracked 
| 151|0x000000070a700000, 0x000000070a700000, 0x000000070a800000|  0%| F|  |TAMS 0x000000070a700000, 0x000000070a700000| Untracked 
| 152|0x000000070a800000, 0x000000070a800000, 0x000000070a900000|  0%| F|  |TAMS 0x000000070a800000, 0x000000070a800000| Untracked 
| 153|0x000000070a900000, 0x000000070a900000, 0x000000070aa00000|  0%| F|  |TAMS 0x000000070a900000, 0x000000070a900000| Untracked 
| 154|0x000000070aa00000, 0x000000070aa00000, 0x000000070ab00000|  0%| F|  |TAMS 0x000000070aa00000, 0x000000070aa00000| Untracked 
| 155|0x000000070ab00000, 0x000000070ab00000, 0x000000070ac00000|  0%| F|  |TAMS 0x000000070ab00000, 0x000000070ab00000| Untracked 
| 156|0x000000070ac00000, 0x000000070ac00000, 0x000000070ad00000|  0%| F|  |TAMS 0x000000070ac00000, 0x000000070ac00000| Untracked 
| 157|0x000000070ad00000, 0x000000070ad00000, 0x000000070ae00000|  0%| F|  |TAMS 0x000000070ad00000, 0x000000070ad00000| Untracked 
| 158|0x000000070ae00000, 0x000000070ae00000, 0x000000070af00000|  0%| F|  |TAMS 0x000000070ae00000, 0x000000070ae00000| Untracked 
| 159|0x000000070af00000, 0x000000070af00000, 0x000000070b000000|  0%| F|  |TAMS 0x000000070af00000, 0x000000070af00000| Untracked 
| 160|0x000000070b000000, 0x000000070b000000, 0x000000070b100000|  0%| F|  |TAMS 0x000000070b000000, 0x000000070b000000| Untracked 
| 161|0x000000070b100000, 0x000000070b100000, 0x000000070b200000|  0%| F|  |TAMS 0x000000070b100000, 0x000000070b100000| Untracked 
| 162|0x000000070b200000, 0x000000070b200000, 0x000000070b300000|  0%| F|  |TAMS 0x000000070b200000, 0x000000070b200000| Untracked 
| 163|0x000000070b300000, 0x000000070b300000, 0x000000070b400000|  0%| F|  |TAMS 0x000000070b300000, 0x000000070b300000| Untracked 
| 164|0x000000070b400000, 0x000000070b400000, 0x000000070b500000|  0%| F|  |TAMS 0x000000070b400000, 0x000000070b400000| Untracked 
| 165|0x000000070b500000, 0x000000070b500000, 0x000000070b600000|  0%| F|  |TAMS 0x000000070b500000, 0x000000070b500000| Untracked 
| 166|0x000000070b600000, 0x000000070b600000, 0x000000070b700000|  0%| F|  |TAMS 0x000000070b600000, 0x000000070b600000| Untracked 
| 167|0x000000070b700000, 0x000000070b700000, 0x000000070b800000|  0%| F|  |TAMS 0x000000070b700000, 0x000000070b700000| Untracked 
| 168|0x000000070b800000, 0x000000070b800000, 0x000000070b900000|  0%| F|  |TAMS 0x000000070b800000, 0x000000070b800000| Untracked 
| 169|0x000000070b900000, 0x000000070b900000, 0x000000070ba00000|  0%| F|  |TAMS 0x000000070b900000, 0x000000070b900000| Untracked 
| 170|0x000000070ba00000, 0x000000070ba00000, 0x000000070bb00000|  0%| F|  |TAMS 0x000000070ba00000, 0x000000070ba00000| Untracked 
| 171|0x000000070bb00000, 0x000000070bb00000, 0x000000070bc00000|  0%| F|  |TAMS 0x000000070bb00000, 0x000000070bb00000| Untracked 
| 172|0x000000070bc00000, 0x000000070bc00000, 0x000000070bd00000|  0%| F|  |TAMS 0x000000070bc00000, 0x000000070bc00000| Untracked 
| 173|0x000000070bd00000, 0x000000070bd00000, 0x000000070be00000|  0%| F|  |TAMS 0x000000070bd00000, 0x000000070bd00000| Untracked 
| 174|0x000000070be00000, 0x000000070be00000, 0x000000070bf00000|  0%| F|  |TAMS 0x000000070be00000, 0x000000070be00000| Untracked 
| 175|0x000000070bf00000, 0x000000070bf00000, 0x000000070c000000|  0%| F|  |TAMS 0x000000070bf00000, 0x000000070bf00000| Untracked 
| 176|0x000000070c000000, 0x000000070c000000, 0x000000070c100000|  0%| F|  |TAMS 0x000000070c000000, 0x000000070c000000| Untracked 
| 177|0x000000070c100000, 0x000000070c100000, 0x000000070c200000|  0%| F|  |TAMS 0x000000070c100000, 0x000000070c100000| Untracked 
| 178|0x000000070c200000, 0x000000070c200000, 0x000000070c300000|  0%| F|  |TAMS 0x000000070c200000, 0x000000070c200000| Untracked 
| 179|0x000000070c300000, 0x000000070c300000, 0x000000070c400000|  0%| F|  |TAMS 0x000000070c300000, 0x000000070c300000| Untracked 
| 180|0x000000070c400000, 0x000000070c400000, 0x000000070c500000|  0%| F|  |TAMS 0x000000070c400000, 0x000000070c400000| Untracked 
| 181|0x000000070c500000, 0x000000070c500000, 0x000000070c600000|  0%| F|  |TAMS 0x000000070c500000, 0x000000070c500000| Untracked 
| 182|0x000000070c600000, 0x000000070c600000, 0x000000070c700000|  0%| F|  |TAMS 0x000000070c600000, 0x000000070c600000| Untracked 
| 183|0x000000070c700000, 0x000000070c700000, 0x000000070c800000|  0%| F|  |TAMS 0x000000070c700000, 0x000000070c700000| Untracked 
| 184|0x000000070c800000, 0x000000070c800000, 0x000000070c900000|  0%| F|  |TAMS 0x000000070c800000, 0x000000070c800000| Untracked 
| 185|0x000000070c900000, 0x000000070c900000, 0x000000070ca00000|  0%| F|  |TAMS 0x000000070c900000, 0x000000070c900000| Untracked 
| 186|0x000000070ca00000, 0x000000070ca00000, 0x000000070cb00000|  0%| F|  |TAMS 0x000000070ca00000, 0x000000070ca00000| Untracked 
| 187|0x000000070cb00000, 0x000000070cb00000, 0x000000070cc00000|  0%| F|  |TAMS 0x000000070cb00000, 0x000000070cb00000| Untracked 
| 188|0x000000070cc00000, 0x000000070cc00000, 0x000000070cd00000|  0%| F|  |TAMS 0x000000070cc00000, 0x000000070cc00000| Untracked 
| 189|0x000000070cd00000, 0x000000070cd00000, 0x000000070ce00000|  0%| F|  |TAMS 0x000000070cd00000, 0x000000070cd00000| Untracked 
| 190|0x000000070ce00000, 0x000000070ce00000, 0x000000070cf00000|  0%| F|  |TAMS 0x000000070ce00000, 0x000000070ce00000| Untracked 
| 191|0x000000070cf00000, 0x000000070cf00000, 0x000000070d000000|  0%| F|  |TAMS 0x000000070cf00000, 0x000000070cf00000| Untracked 
| 192|0x000000070d000000, 0x000000070d000000, 0x000000070d100000|  0%| F|  |TAMS 0x000000070d000000, 0x000000070d000000| Untracked 
| 193|0x000000070d100000, 0x000000070d100000, 0x000000070d200000|  0%| F|  |TAMS 0x000000070d100000, 0x000000070d100000| Untracked 
| 194|0x000000070d200000, 0x000000070d200000, 0x000000070d300000|  0%| F|  |TAMS 0x000000070d200000, 0x000000070d200000| Untracked 
| 195|0x000000070d300000, 0x000000070d300000, 0x000000070d400000|  0%| F|  |TAMS 0x000000070d300000, 0x000000070d300000| Untracked 
| 196|0x000000070d400000, 0x000000070d400000, 0x000000070d500000|  0%| F|  |TAMS 0x000000070d400000, 0x000000070d400000| Untracked 
| 197|0x000000070d500000, 0x000000070d500000, 0x000000070d600000|  0%| F|  |TAMS 0x000000070d500000, 0x000000070d500000| Untracked 
| 198|0x000000070d600000, 0x000000070d600000, 0x000000070d700000|  0%| F|  |TAMS 0x000000070d600000, 0x000000070d600000| Untracked 
| 199|0x000000070d700000, 0x000000070d700000, 0x000000070d800000|  0%| F|  |TAMS 0x000000070d700000, 0x000000070d700000| Untracked 
| 200|0x000000070d800000, 0x000000070d800000, 0x000000070d900000|  0%| F|  |TAMS 0x000000070d800000, 0x000000070d800000| Untracked 
| 201|0x000000070d900000, 0x000000070d900000, 0x000000070da00000|  0%| F|  |TAMS 0x000000070d900000, 0x000000070d900000| Untracked 
| 202|0x000000070da00000, 0x000000070da00000, 0x000000070db00000|  0%| F|  |TAMS 0x000000070da00000, 0x000000070da00000| Untracked 
| 203|0x000000070db00000, 0x000000070db00000, 0x000000070dc00000|  0%| F|  |TAMS 0x000000070db00000, 0x000000070db00000| Untracked 
| 204|0x000000070dc00000, 0x000000070dc00000, 0x000000070dd00000|  0%| F|  |TAMS 0x000000070dc00000, 0x000000070dc00000| Untracked 
| 205|0x000000070dd00000, 0x000000070dd00000, 0x000000070de00000|  0%| F|  |TAMS 0x000000070dd00000, 0x000000070dd00000| Untracked 
| 206|0x000000070de00000, 0x000000070de00000, 0x000000070df00000|  0%| F|  |TAMS 0x000000070de00000, 0x000000070de00000| Untracked 
| 207|0x000000070df00000, 0x000000070df00000, 0x000000070e000000|  0%| F|  |TAMS 0x000000070df00000, 0x000000070df00000| Untracked 
| 208|0x000000070e000000, 0x000000070e000000, 0x000000070e100000|  0%| F|  |TAMS 0x000000070e000000, 0x000000070e000000| Untracked 
| 209|0x000000070e100000, 0x000000070e100000, 0x000000070e200000|  0%| F|  |TAMS 0x000000070e100000, 0x000000070e100000| Untracked 
| 210|0x000000070e200000, 0x000000070e200000, 0x000000070e300000|  0%| F|  |TAMS 0x000000070e200000, 0x000000070e200000| Untracked 
| 211|0x000000070e300000, 0x000000070e300000, 0x000000070e400000|  0%| F|  |TAMS 0x000000070e300000, 0x000000070e300000| Untracked 
| 212|0x000000070e400000, 0x000000070e400000, 0x000000070e500000|  0%| F|  |TAMS 0x000000070e400000, 0x000000070e400000| Untracked 
| 213|0x000000070e500000, 0x000000070e500000, 0x000000070e600000|  0%| F|  |TAMS 0x000000070e500000, 0x000000070e500000| Untracked 
| 214|0x000000070e600000, 0x000000070e600000, 0x000000070e700000|  0%| F|  |TAMS 0x000000070e600000, 0x000000070e600000| Untracked 
| 215|0x000000070e700000, 0x000000070e700000, 0x000000070e800000|  0%| F|  |TAMS 0x000000070e700000, 0x000000070e700000| Untracked 
| 216|0x000000070e800000, 0x000000070e800000, 0x000000070e900000|  0%| F|  |TAMS 0x000000070e800000, 0x000000070e800000| Untracked 
| 217|0x000000070e900000, 0x000000070e900000, 0x000000070ea00000|  0%| F|  |TAMS 0x000000070e900000, 0x000000070e900000| Untracked 
| 218|0x000000070ea00000, 0x000000070ea00000, 0x000000070eb00000|  0%| F|  |TAMS 0x000000070ea00000, 0x000000070ea00000| Untracked 
| 219|0x000000070eb00000, 0x000000070eb00000, 0x000000070ec00000|  0%| F|  |TAMS 0x000000070eb00000, 0x000000070eb00000| Untracked 
| 220|0x000000070ec00000, 0x000000070ec00000, 0x000000070ed00000|  0%| F|  |TAMS 0x000000070ec00000, 0x000000070ec00000| Untracked 
| 221|0x000000070ed00000, 0x000000070ed00000, 0x000000070ee00000|  0%| F|  |TAMS 0x000000070ed00000, 0x000000070ed00000| Untracked 
| 222|0x000000070ee00000, 0x000000070ee00000, 0x000000070ef00000|  0%| F|  |TAMS 0x000000070ee00000, 0x000000070ee00000| Untracked 
| 223|0x000000070ef00000, 0x000000070ef00000, 0x000000070f000000|  0%| F|  |TAMS 0x000000070ef00000, 0x000000070ef00000| Untracked 
| 224|0x000000070f000000, 0x000000070f000000, 0x000000070f100000|  0%| F|  |TAMS 0x000000070f000000, 0x000000070f000000| Untracked 
| 225|0x000000070f100000, 0x000000070f100000, 0x000000070f200000|  0%| F|  |TAMS 0x000000070f100000, 0x000000070f100000| Untracked 
| 226|0x000000070f200000, 0x000000070f200000, 0x000000070f300000|  0%| F|  |TAMS 0x000000070f200000, 0x000000070f200000| Untracked 
| 227|0x000000070f300000, 0x000000070f300000, 0x000000070f400000|  0%| F|  |TAMS 0x000000070f300000, 0x000000070f300000| Untracked 
| 228|0x000000070f400000, 0x000000070f400000, 0x000000070f500000|  0%| F|  |TAMS 0x000000070f400000, 0x000000070f400000| Untracked 
| 229|0x000000070f500000, 0x000000070f600000, 0x000000070f600000|100%| S|CS|TAMS 0x000000070f500000, 0x000000070f500000| Complete 
| 230|0x000000070f600000, 0x000000070f700000, 0x000000070f700000|100%| S|CS|TAMS 0x000000070f600000, 0x000000070f600000| Complete 
| 231|0x000000070f700000, 0x000000070f800000, 0x000000070f800000|100%| S|CS|TAMS 0x000000070f700000, 0x000000070f700000| Complete 
| 232|0x000000070f800000, 0x000000070f800000, 0x000000070f900000|  0%| F|  |TAMS 0x000000070f800000, 0x000000070f800000| Untracked 
| 233|0x000000070f900000, 0x000000070f900000, 0x000000070fa00000|  0%| F|  |TAMS 0x000000070f900000, 0x000000070f900000| Untracked 
| 234|0x000000070fa00000, 0x000000070fa00000, 0x000000070fb00000|  0%| F|  |TAMS 0x000000070fa00000, 0x000000070fa00000| Untracked 
| 235|0x000000070fb00000, 0x000000070fb00000, 0x000000070fc00000|  0%| F|  |TAMS 0x000000070fb00000, 0x000000070fb00000| Untracked 
| 236|0x000000070fc00000, 0x000000070fc00000, 0x000000070fd00000|  0%| F|  |TAMS 0x000000070fc00000, 0x000000070fc00000| Untracked 
| 237|0x000000070fd00000, 0x000000070fd00000, 0x000000070fe00000|  0%| F|  |TAMS 0x000000070fd00000, 0x000000070fd00000| Untracked 
| 238|0x000000070fe00000, 0x000000070fe00000, 0x000000070ff00000|  0%| F|  |TAMS 0x000000070fe00000, 0x000000070fe00000| Untracked 
| 239|0x000000070ff00000, 0x000000070ff00000, 0x0000000710000000|  0%| F|  |TAMS 0x000000070ff00000, 0x000000070ff00000| Untracked 
| 240|0x0000000710000000, 0x0000000710000000, 0x0000000710100000|  0%| F|  |TAMS 0x0000000710000000, 0x0000000710000000| Untracked 
| 241|0x0000000710100000, 0x0000000710100000, 0x0000000710200000|  0%| F|  |TAMS 0x0000000710100000, 0x0000000710100000| Untracked 
| 242|0x0000000710200000, 0x0000000710200000, 0x0000000710300000|  0%| F|  |TAMS 0x0000000710200000, 0x0000000710200000| Untracked 
| 243|0x0000000710300000, 0x0000000710300000, 0x0000000710400000|  0%| F|  |TAMS 0x0000000710300000, 0x0000000710300000| Untracked 
| 244|0x0000000710400000, 0x0000000710400000, 0x0000000710500000|  0%| F|  |TAMS 0x0000000710400000, 0x0000000710400000| Untracked 
| 245|0x0000000710500000, 0x0000000710500000, 0x0000000710600000|  0%| F|  |TAMS 0x0000000710500000, 0x0000000710500000| Untracked 
| 246|0x0000000710600000, 0x0000000710600000, 0x0000000710700000|  0%| F|  |TAMS 0x0000000710600000, 0x0000000710600000| Untracked 
| 247|0x0000000710700000, 0x0000000710700000, 0x0000000710800000|  0%| F|  |TAMS 0x0000000710700000, 0x0000000710700000| Untracked 
| 248|0x0000000710800000, 0x0000000710800000, 0x0000000710900000|  0%| F|  |TAMS 0x0000000710800000, 0x0000000710800000| Untracked 
| 249|0x0000000710900000, 0x0000000710900000, 0x0000000710a00000|  0%| F|  |TAMS 0x0000000710900000, 0x0000000710900000| Untracked 
| 250|0x0000000710a00000, 0x0000000710a00000, 0x0000000710b00000|  0%| F|  |TAMS 0x0000000710a00000, 0x0000000710a00000| Untracked 
| 251|0x0000000710b00000, 0x0000000710b74348, 0x0000000710c00000| 45%| E|  |TAMS 0x0000000710b00000, 0x0000000710b00000| Complete 
| 252|0x0000000710c00000, 0x0000000710d00000, 0x0000000710d00000|100%| E|CS|TAMS 0x0000000710c00000, 0x0000000710c00000| Complete 
| 253|0x0000000710d00000, 0x0000000710e00000, 0x0000000710e00000|100%| E|CS|TAMS 0x0000000710d00000, 0x0000000710d00000| Complete 
| 254|0x0000000710e00000, 0x0000000710f00000, 0x0000000710f00000|100%| E|CS|TAMS 0x0000000710e00000, 0x0000000710e00000| Complete 
| 255|0x0000000710f00000, 0x0000000711000000, 0x0000000711000000|100%| E|CS|TAMS 0x0000000710f00000, 0x0000000710f00000| Complete 

Card table byte_map: [0x000001f67a680000,0x000001f67ae80000] _byte_map_base: 0x000001f676e78000

Marking Bits (Prev, Next): (CMBitMap*) 0x000001f6776af3f8, (CMBitMap*) 0x000001f6776af430
 Prev Bits: [0x000001f67b680000, 0x000001f67f640000)
 Next Bits: [0x000001f617580000, 0x000001f61b540000)

Polling page: 0x000001f677410000

Metaspace:

Usage:
  Non-class:     11.38 MB capacity,    11.06 MB ( 97%) used,   283.77 KB (  2%) free+waste,    38.06 KB ( <1%) overhead. 
      Class:      1.47 MB capacity,     1.34 MB ( 91%) used,   112.46 KB (  7%) free+waste,    19.31 KB (  1%) overhead. 
       Both:     12.85 MB capacity,    12.40 MB ( 97%) used,   396.23 KB (  3%) free+waste,    57.38 KB ( <1%) overhead. 

Virtual space:
  Non-class space:       12.00 MB reserved,      11.50 MB ( 96%) committed 
      Class space:        1.00 GB reserved,       1.50 MB ( <1%) committed 
             Both:        1.01 GB reserved,      13.00 MB (  1%) committed 

Chunk freelists:
   Non-Class:  3.00 KB
       Class:  0 bytes
        Both:  3.00 KB

MaxMetaspaceSize: 17179869184.00 GB
CompressedClassSpaceSize: 1.00 GB

CodeHeap 'non-profiled nmethods': size=233856Kb used=1728Kb max_used=1728Kb free=232127Kb
 bounds [0x000001f609120000, 0x000001f609390000, 0x000001f617580000]
CodeHeap 'non-nmethods': size=11904Kb used=1122Kb max_used=1122Kb free=10781Kb
 bounds [0x000001f608580000, 0x000001f6087f0000, 0x000001f609120000]
 total_blobs=1887 nmethods=1193 adapters=348
 compilation: enabled
              stopped_count=0, restarted_count=0
 full_count=0

Compilation events (20 events):
Event: 0.526 Thread 0x000001f61e6bc800 1177       1       java.util.StringJoiner::getChars (15 bytes)
Event: 0.526 Thread 0x000001f61e6bc800 nmethod 1177 0x000001f6092cab90 code [0x000001f6092cad40, 0x000001f6092cae90]
Event: 0.526 Thread 0x000001f61e6bc800 1182       1       java.io.ObjectStreamClass::requireInitialized (18 bytes)
Event: 0.527 Thread 0x000001f61e6bc800 nmethod 1182 0x000001f6092caf90 code [0x000001f6092cb140, 0x000001f6092cb2d0]
Event: 0.527 Thread 0x000001f61e6bc800 1179       1       java.lang.Class::privateGetDeclaredConstructors (79 bytes)
Event: 0.527 Thread 0x000001f61e6bc800 nmethod 1179 0x000001f6092cb390 code [0x000001f6092cb580, 0x000001f6092cb930]
Event: 0.527 Thread 0x000001f61e6bc800 1180       1       jdk.internal.reflect.ClassFileAssembler::getStack (5 bytes)
Event: 0.527 Thread 0x000001f61e6bc800 nmethod 1180 0x000001f6092cbb10 code [0x000001f6092cbcc0, 0x000001f6092cbdd8]
Event: 0.527 Thread 0x000001f61e6bc800 1181       1       java.lang.reflect.Constructor::setConstructorAccessor (21 bytes)
Event: 0.527 Thread 0x000001f61e6bc800 nmethod 1181 0x000001f6092cbe90 code [0x000001f6092cc060, 0x000001f6092cc290]
Event: 0.527 Thread 0x000001f61e6bc800 1178       1       java.lang.reflect.Modifier::isVolatile (13 bytes)
Event: 0.527 Thread 0x000001f61e6bc800 nmethod 1178 0x000001f6092cc390 code [0x000001f6092cc540, 0x000001f6092cc658]
Event: 0.527 Thread 0x000001f61e6bc800 1183       1       java.lang.reflect.Constructor::getRoot (5 bytes)
Event: 0.527 Thread 0x000001f61e6bc800 nmethod 1183 0x000001f6092cc710 code [0x000001f6092cc8c0, 0x000001f6092cc9d8]
Event: 0.528 Thread 0x000001f61e6bc800 1184       1       java.io.ObjectStreamField::getName (5 bytes)
Event: 0.528 Thread 0x000001f61e6bc800 nmethod 1184 0x000001f6092cca90 code [0x000001f6092ccc40, 0x000001f6092ccd58]
Event: 0.528 Thread 0x000001f61e6bc800 1185       1       java.io.ObjectStreamField::getSignature (39 bytes)
Event: 0.528 Thread 0x000001f61e6bc800 nmethod 1185 0x000001f6092cce10 code [0x000001f6092cd000, 0x000001f6092cd310]
Event: 0.528 Thread 0x000001f61e6bc800 1186       1       java.io.ObjectOutputStream$BlockDataOutputStream::setBlockDataMode (35 bytes)
Event: 0.528 Thread 0x000001f61e6bc800 nmethod 1186 0x000001f6092cd490 code [0x000001f6092cd640, 0x000001f6092cd7d0]

GC Heap History (2 events):
Event: 0.360 GC heap before
{Heap before GC invocations=0 (full 0):
 garbage-first heap   total 262144K, used 24576K [0x0000000701000000, 0x0000000800000000)
  region size 1024K, 24 young (24576K), 0 survivors (0K)
 Metaspace       used 9627K, capacity 9824K, committed 10112K, reserved 1058816K
  class space    used 981K, capacity 1065K, committed 1152K, reserved 1048576K
}
Event: 0.367 GC heap after
{Heap after GC invocations=1 (full 0):
 garbage-first heap   total 262144K, used 19207K [0x0000000701000000, 0x0000000800000000)
  region size 1024K, 3 young (3072K), 3 survivors (3072K)
 Metaspace       used 9627K, capacity 9824K, committed 10112K, reserved 1058816K
  class space    used 981K, capacity 1065K, committed 1152K, reserved 1048576K
}

Deoptimization events (0 events):
No events

Classes redefined (0 events):
No events

Internal exceptions (20 events):
Event: 0.287 Thread 0x000001f677645000 Exception <a 'java/lang/NoSuchMethodError'{0x000000070fbb93a0}: 'int java.lang.invoke.DirectMethodHandle$Holder.invokeInterface(java.lang.Object, java.lang.Object)'> (0x000000070fbb93a0) thrown at [./src/hotspot/share/interpreter/linkResolver.cpp, line 773]
Event: 0.287 Thread 0x000001f677645000 Exception <a 'java/lang/IncompatibleClassChangeError'{0x000000070fbbc118}: Found class java.lang.Object, but interface was expected> (0x000000070fbbc118) thrown at [./src/hotspot/share/interpreter/linkResolver.cpp, line 839]
Event: 0.311 Thread 0x000001f677645000 Exception <a 'java/lang/NoSuchMethodError'{0x000000070faac358}: 'java.lang.Object java.lang.invoke.DirectMethodHandle$Holder.invokeStatic(java.lang.Object, java.lang.Object, java.lang.Object, java.lang.Object, java.lang.Object, java.lang.Object, java.lang.Object, java.lang.Object, java.lang.Object, java.lang.Object, java.lang.Object, int)'> (0x000000070faac358) thrown at [./src/hotspot/share/interpreter/linkResolver.cpp, line 773]
Event: 0.312 Thread 0x000001f677645000 Exception <a 'java/lang/NoSuchMethodError'{0x000000070faca750}: 'java.lang.Object java.lang.invoke.DirectMethodHandle$Holder.invokeStatic(java.lang.Object, java.lang.Object, java.lang.Object, java.lang.Object, java.lang.Object, java.lang.Object, java.lang.Object, java.lang.Object, java.lang.Object, java.lang.Object, java.lang.Object, int, int)'> (0x000000070faca750) thrown at [./src/hotspot/share/interpreter/linkResolver.cpp, line 773]
Event: 0.313 Thread 0x000001f677645000 Exception <a 'java/lang/NoSuchMethodError'{0x000000070fae9ab8}: 'java.lang.Object java.lang.invoke.DirectMethodHandle$Holder.invokeStatic(java.lang.Object, java.lang.Object, java.lang.Object, java.lang.Object, java.lang.Object, java.lang.Object, java.lang.Object, java.lang.Object, java.lang.Object, java.lang.Object, java.lang.Object, int, int, java.lang.Object)'> (0x000000070fae9ab8) thrown at [./src/hotspot/share/interpreter/linkResolver.cpp, line 773]
Event: 0.315 Thread 0x000001f677645000 Exception <a 'java/lang/NoSuchMethodError'{0x000000070f90ac18}: 'java.lang.Object java.lang.invoke.DirectMethodHandle$Holder.invokeStatic(java.lang.Object, java.lang.Object, java.lang.Object, java.lang.Object, java.lang.Object, java.lang.Object, java.lang.Object, java.lang.Object, java.lang.Object, java.lang.Object, java.lang.Object, int, int, java.lang.Object, java.lang.Object)'> (0x000000070f90ac18) thrown at [./src/hotspot/share/interpreter/linkResolver.cpp, line 773]
Event: 0.358 Thread 0x000001f677645000 Exception <a 'java/lang/NoSuchMethodError'{0x000000070f8e7a00}: 'int java.lang.invoke.DirectMethodHandle$Holder.invokeSpecialIFC(java.lang.Object, java.lang.Object, java.lang.Object)'> (0x000000070f8e7a00) thrown at [./src/hotspot/share/interpreter/linkResolver.cpp, line 773]
Event: 0.375 Thread 0x000001f677645000 Exception <a 'java/lang/NoSuchMethodError'{0x0000000710f4d620}: 'java.lang.Object java.lang.invoke.DirectMethodHandle$Holder.invokeStatic(java.lang.Object, int, int, int, int)'> (0x0000000710f4d620) thrown at [./src/hotspot/share/interpreter/linkResolver.cpp, line 773]
Event: 0.375 Thread 0x000001f677645000 Exception <a 'java/lang/NoSuchMethodError'{0x0000000710f50748}: 'java.lang.Object java.lang.invoke.DirectMethodHandle$Holder.invokeStaticInit(java.lang.Object, int, int, int, int)'> (0x0000000710f50748) thrown at [./src/hotspot/share/interpreter/linkResolver.cpp, line 773]
Event: 0.444 Thread 0x000001f677645000 Exception <a 'java/lang/NoSuchMethodError'{0x0000000710f763b0}: 'java.lang.Object java.lang.invoke.DirectMethodHandle$Holder.invokeStatic(java.lang.Object, java.lang.Object, int, int, int, int)'> (0x0000000710f763b0) thrown at [./src/hotspot/share/interpreter/linkResolver.cpp, line 773]
Event: 0.444 Thread 0x000001f677645000 Exception <a 'java/lang/NoSuchMethodError'{0x0000000710f79708}: 'java.lang.Object java.lang.invoke.DirectMethodHandle$Holder.invokeStaticInit(java.lang.Object, java.lang.Object, int, int, int, int)'> (0x0000000710f79708) thrown at [./src/hotspot/share/interpreter/linkResolver.cpp, line 773]
Event: 0.450 Thread 0x000001f677645000 Exception <a 'java/lang/ClassNotFoundException'{0x0000000710f96ca8}: javax/management/remote/rmi/RMIServerImpl_Skel> (0x0000000710f96ca8) thrown at [./src/hotspot/share/classfile/systemDictionary.cpp, line 231]
Event: 0.468 Thread 0x000001f677645000 Exception <a 'java/lang/ClassNotFoundException'{0x0000000710e6cca0}: jdk/internal/agent/resources/spi/agentProvider> (0x0000000710e6cca0) thrown at [./src/hotspot/share/classfile/systemDictionary.cpp, line 231]
Event: 0.472 Thread 0x000001f677645000 Exception <a 'java/lang/NoSuchMethodError'{0x0000000710ec2938}: 'java.lang.Object java.lang.invoke.DirectMethodHandle$Holder.invokeStatic(java.lang.Object, java.lang.Object, java.lang.Object, java.lang.Object, java.lang.Object, java.lang.Object, java.lang.Object, java.lang.Object, java.lang.Object, java.lang.Object, java.lang.Object, java.lang.Object, java.lang.Object, int)'> (0x0000000710ec2938) thrown at [./src/hotspot/share/interpreter/linkResolver.cpp, line 773]
Event: 0.472 Thread 0x000001f677645000 Exception <a 'java/lang/NoSuchMethodError'{0x0000000710ecf300}: 'java.lang.Object java.lang.invoke.DirectMethodHandle$Holder.invokeStatic(java.lang.Object, java.lang.Object, java.lang.Object, java.lang.Object, java.lang.Object, java.lang.Object, java.lang.Object, java.lang.Object, java.lang.Object, java.lang.Object, java.lang.Object, java.lang.Object, java.lang.Object, int, int)'> (0x0000000710ecf300) thrown at [./src/hotspot/share/interpreter/linkResolver.cpp, line 773]
Event: 0.503 Thread 0x000001f61f983000 Exception <a 'java/lang/NoSuchMethodError'{0x0000000710c4a248}: <clinit>> (0x0000000710c4a248) thrown at [./src/hotspot/share/prims/jni.cpp, line 1362]
Event: 0.509 Thread 0x000001f61f983000 Exception <a 'java/lang/ClassNotFoundException'{0x0000000710c8df08}: javax/management/remote/rmi/RMIConnectionImpl_Skel> (0x0000000710c8df08) thrown at [./src/hotspot/share/classfile/systemDictionary.cpp, line 231]
Event: 0.510 Thread 0x000001f61f994800 Exception <a 'java/lang/NoSuchMethodError'{0x0000000710cdc1b0}: 'java.lang.Object java.lang.invoke.Invokers$Holder.linkToTargetMethod(java.lang.Object, long, java.lang.Object)'> (0x0000000710cdc1b0) thrown at [./src/hotspot/share/interpreter/linkResolver.cpp, line 773]
Event: 0.524 Thread 0x000001f61f983000 Exception <a 'java/lang/reflect/InvocationTargetException'{0x0000000710b10020}> (0x0000000710b10020) thrown at [./src/hotspot/share/runtime/reflection.cpp, line 1247]
Event: 0.527 Thread 0x000001f61f983000 Exception <a 'java/lang/NoSuchMethodError'{0x0000000710b34688}: <clinit>> (0x0000000710b34688) thrown at [./src/hotspot/share/prims/jni.cpp, line 1362]

Events (20 events):
Event: 0.522 loading class java/util/stream/IntStream
Event: 0.522 loading class java/util/stream/IntStream done
Event: 0.522 loading class java/io/UnsupportedEncodingException
Event: 0.522 loading class java/io/UnsupportedEncodingException done
Event: 0.523 loading class javax/management/MalformedObjectNameException
Event: 0.523 loading class javax/management/MalformedObjectNameException done
Event: 0.524 loading class javax/management/remote/rmi/RMIConnectionImpl$PrivilegedOperation
Event: 0.524 loading class javax/management/remote/rmi/RMIConnectionImpl$PrivilegedOperation done
Event: 0.524 loading class java/security/PrivilegedActionException
Event: 0.524 loading class java/security/PrivilegedActionException done
Event: 0.524 loading class java/lang/reflect/InvocationTargetException
Event: 0.524 loading class java/lang/reflect/InvocationTargetException done
Event: 0.524 loading class java/lang/Throwable$PrintStreamOrWriter
Event: 0.525 loading class java/lang/Throwable$PrintStreamOrWriter done
Event: 0.525 loading class java/io/PrintWriter
Event: 0.525 loading class java/io/PrintWriter done
Event: 0.526 Executing VM operation: BulkRevokeBias
Event: 0.526 Executing VM operation: BulkRevokeBias done
Event: 0.527 loading class java/lang/StackTraceElement$HashedModules
Event: 0.527 loading class java/lang/StackTraceElement$HashedModules done


Dynamic libraries:
0x00007ff65a480000 - 0x00007ff65a4e2000 	C:\Program Files\RedHat\java-11-openjdk-11.0.7-1\bin\javaw.exe
0x00007ff8dcea0000 - 0x00007ff8dd090000 	C:\Windows\SYSTEM32\ntdll.dll
0x00007ff8dbf60000 - 0x00007ff8dc012000 	C:\Windows\System32\KERNEL32.DLL
0x00007ff8d9ed0000 - 0x00007ff8da174000 	C:\Windows\System32\KERNELBASE.dll
0x00007ff8daba0000 - 0x00007ff8dac9a000 	C:\Windows\System32\ucrtbase.dll
0x00007ff8d2e50000 - 0x00007ff8d2e65000 	C:\Program Files\RedHat\java-11-openjdk-11.0.7-1\bin\VCRUNTIME140.dll
0x00007ff8d2e30000 - 0x00007ff8d2e48000 	C:\Program Files\RedHat\java-11-openjdk-11.0.7-1\bin\jli.dll
0x00007ff8dbc60000 - 0x00007ff8dbdf4000 	C:\Windows\System32\USER32.dll
0x00007ff8cf110000 - 0x00007ff8cf394000 	C:\Windows\WinSxS\amd64_microsoft.windows.common-controls_6595b64144ccf1df_6.0.18362.900_none_e6beb9d913147d17\COMCTL32.dll
0x00007ff8da9a0000 - 0x00007ff8da9c1000 	C:\Windows\System32\win32u.dll
0x00007ff8dcd90000 - 0x00007ff8dce2e000 	C:\Windows\System32\msvcrt.dll
0x00007ff8db690000 - 0x00007ff8db6b6000 	C:\Windows\System32\GDI32.dll
0x00007ff8db7d0000 - 0x00007ff8dbb05000 	C:\Windows\System32\combase.dll
0x00007ff8daa00000 - 0x00007ff8dab95000 	C:\Windows\System32\gdi32full.dll
0x00007ff8db570000 - 0x00007ff8db690000 	C:\Windows\System32\RPCRT4.dll
0x00007ff8da180000 - 0x00007ff8da21e000 	C:\Windows\System32\msvcp_win.dll
0x00007ff8d9e00000 - 0x00007ff8d9e80000 	C:\Windows\System32\bcryptPrimitives.dll
0x00007ff8dc850000 - 0x00007ff8dc87e000 	C:\Windows\System32\IMM32.DLL
0x00007ff8b3a80000 - 0x00007ff8b3b1b000 	C:\Program Files\RedHat\java-11-openjdk-11.0.7-1\bin\msvcp140.dll
0x00007ff887290000 - 0x00007ff887dd6000 	C:\Program Files\RedHat\java-11-openjdk-11.0.7-1\bin\server\jvm.dll
0x00007ff8db720000 - 0x00007ff8db7c3000 	C:\Windows\System32\ADVAPI32.dll
0x00007ff8dbb10000 - 0x00007ff8dbba7000 	C:\Windows\System32\sechost.dll
0x00007ff8dc9d0000 - 0x00007ff8dc9d8000 	C:\Windows\System32\PSAPI.DLL
0x00007ff8d76e0000 - 0x00007ff8d76e9000 	C:\Windows\SYSTEM32\WSOCK32.dll
0x00007ff8d7c90000 - 0x00007ff8d7cb4000 	C:\Windows\SYSTEM32\WINMM.dll
0x00007ff8d37a0000 - 0x00007ff8d37aa000 	C:\Windows\SYSTEM32\VERSION.dll
0x00007ff8dc880000 - 0x00007ff8dc8ef000 	C:\Windows\System32\WS2_32.dll
0x00007ff8d7c60000 - 0x00007ff8d7c8d000 	C:\Windows\SYSTEM32\WINMMBASE.dll
0x00007ff8d9e80000 - 0x00007ff8d9eca000 	C:\Windows\System32\cfgmgr32.dll
0x00007ff8d9d40000 - 0x00007ff8d9d51000 	C:\Windows\System32\kernel.appcore.dll
0x00007ff8d5f90000 - 0x00007ff8d5fa0000 	C:\Program Files\RedHat\java-11-openjdk-11.0.7-1\bin\verify.dll
0x00007ff8c89b0000 - 0x00007ff8c8ba4000 	C:\Windows\SYSTEM32\DBGHELP.DLL
0x00007ff8c80d0000 - 0x00007ff8c80fa000 	C:\Windows\SYSTEM32\dbgcore.DLL
0x00007ff8cabb0000 - 0x00007ff8cabd8000 	C:\Program Files\RedHat\java-11-openjdk-11.0.7-1\bin\java.dll
0x00007ff8d5ec0000 - 0x00007ff8d5ed7000 	C:\Program Files\RedHat\java-11-openjdk-11.0.7-1\bin\zip.dll
0x00007ff8d5f80000 - 0x00007ff8d5f8a000 	C:\Program Files\RedHat\java-11-openjdk-11.0.7-1\bin\jimage.dll
0x00007ff8dc160000 - 0x00007ff8dc846000 	C:\Windows\System32\SHELL32.dll
0x00007ff8daf20000 - 0x00007ff8dafc9000 	C:\Windows\System32\shcore.dll
0x00007ff8da220000 - 0x00007ff8da9a0000 	C:\Windows\System32\windows.storage.dll
0x00007ff8d9dd0000 - 0x00007ff8d9df3000 	C:\Windows\System32\profapi.dll
0x00007ff8d9d60000 - 0x00007ff8d9daa000 	C:\Windows\System32\powrprof.dll
0x00007ff8d9d30000 - 0x00007ff8d9d40000 	C:\Windows\System32\UMPDC.dll
0x00007ff8db6c0000 - 0x00007ff8db712000 	C:\Windows\System32\shlwapi.dll
0x00007ff8daea0000 - 0x00007ff8daeb7000 	C:\Windows\System32\cryptsp.dll
0x00007ff8d2d80000 - 0x00007ff8d2d99000 	C:\Program Files\RedHat\java-11-openjdk-11.0.7-1\bin\net.dll
0x00007ff8d36b0000 - 0x00007ff8d37a0000 	C:\Windows\SYSTEM32\WINHTTP.dll
0x00007ff8d95a0000 - 0x00007ff8d9607000 	C:\Windows\system32\mswsock.dll
0x00007ff8d24b0000 - 0x00007ff8d24c2000 	C:\Program Files\RedHat\java-11-openjdk-11.0.7-1\bin\nio.dll
0x00007ff8d2e20000 - 0x00007ff8d2e29000 	C:\Program Files\RedHat\java-11-openjdk-11.0.7-1\bin\management.dll
0x00007ff8d2b70000 - 0x00007ff8d2b7b000 	C:\Program Files\RedHat\java-11-openjdk-11.0.7-1\bin\management_ext.dll
0x00007ff8c49c0000 - 0x00007ff8c49d6000 	C:\Windows\system32\napinsp.dll
0x00007ff8c49a0000 - 0x00007ff8c49ba000 	C:\Windows\system32\pnrpnsp.dll
0x00007ff8d92f0000 - 0x00007ff8d93bb000 	C:\Windows\SYSTEM32\DNSAPI.dll
0x00007ff8dc950000 - 0x00007ff8dc958000 	C:\Windows\System32\NSI.dll
0x00007ff8d92b0000 - 0x00007ff8d92ea000 	C:\Windows\SYSTEM32\IPHLPAPI.DLL
0x00007ff8c4840000 - 0x00007ff8c484e000 	C:\Windows\System32\winrnr.dll
0x00007ff8d6e10000 - 0x00007ff8d6e2c000 	C:\Windows\system32\NLAapi.dll
0x00007ff8c4660000 - 0x00007ff8c4675000 	C:\Windows\system32\wshbth.dll
0x00007ff8d3420000 - 0x00007ff8d342a000 	C:\Windows\System32\rasadhlp.dll
0x00007ff8d42c0000 - 0x00007ff8d4337000 	C:\Windows\System32\fwpuclnt.dll
0x00007ff8da9d0000 - 0x00007ff8da9f6000 	C:\Windows\System32\bcrypt.dll
0x00007ff8d9110000 - 0x00007ff8d9143000 	C:\Windows\system32\rsaenh.dll
0x00007ff8d9c50000 - 0x00007ff8d9c75000 	C:\Windows\SYSTEM32\USERENV.dll
0x00007ff8d9770000 - 0x00007ff8d977c000 	C:\Windows\SYSTEM32\CRYPTBASE.dll
0x00007ff8d4dc0000 - 0x00007ff8d4dd6000 	C:\Windows\SYSTEM32\dhcpcsvc6.DLL
0x00007ff8d4da0000 - 0x00007ff8d4dbc000 	C:\Windows\SYSTEM32\dhcpcsvc.DLL

dbghelp: loaded successfully - version: 4.0.5 - missing functions: none
symbol engine: initialized successfully - sym options: 0x614 - pdb path: .;C:\Program Files\RedHat\java-11-openjdk-11.0.7-1\bin;C:\Windows\SYSTEM32;C:\Windows\WinSxS\amd64_microsoft.windows.common-controls_6595b64144ccf1df_6.0.18362.900_none_e6beb9d913147d17;C:\Program Files\RedHat\java-11-openjdk-11.0.7-1\bin\server

VM Arguments:
jvm_args: -Dcom.sun.management.jmxremote -Dcom.sun.management.jmxremote.port=54046 -Dcom.sun.management.jmxremote.authenticate=false -Dcom.sun.management.jmxremote.ssl=false -Djava.rmi.server.hostname=localhost -Dspring.jmx.enabled=true -Dspring.application.admin.enabled=true -Xverify:none -XX:TieredStopAtLevel=1 -Dspring.boot.project.name=spring-projeto-curso -Dfile.encoding=UTF-8 
java_command: com.curso.spring.SpringProjetoCursoApplication --spring.output.ansi.enabled=always
java_class_path (initial): F:\workspace\sts\spring-projeto-curso\target\classes;C:\Users\pgj10\.m2\repository\org\springframework\boot\spring-boot-starter-data-jpa\2.3.0.RELEASE\spring-boot-starter-data-jpa-2.3.0.RELEASE.jar;C:\Users\pgj10\.m2\repository\org\springframework\boot\spring-boot-starter-aop\2.3.0.RELEASE\spring-boot-starter-aop-2.3.0.RELEASE.jar;C:\Users\pgj10\.m2\repository\org\aspectj\aspectjweaver\1.9.5\aspectjweaver-1.9.5.jar;C:\Users\pgj10\.m2\repository\org\springframework\boot\spring-boot-starter-jdbc\2.3.0.RELEASE\spring-boot-starter-jdbc-2.3.0.RELEASE.jar;C:\Users\pgj10\.m2\repository\com\zaxxer\HikariCP\3.4.5\HikariCP-3.4.5.jar;C:\Users\pgj10\.m2\repository\org\springframework\spring-jdbc\5.2.6.RELEASE\spring-jdbc-5.2.6.RELEASE.jar;C:\Users\pgj10\.m2\repository\jakarta\transaction\jakarta.transaction-api\1.3.3\jakarta.transaction-api-1.3.3.jar;C:\Users\pgj10\.m2\repository\jakarta\persistence\jakarta.persistence-api\2.2.3\jakarta.persistence-api-2.2.3.jar;C:\Users\pgj10\.m2\repository\org\hibernate\hibernate-core\5.4.15.Final\hibernate-core-5.4.15.Final.jar;C:\Users\pgj10\.m2\repository\org\javassist\javassist\3.24.0-GA\javassist-3.24.0-GA.jar;C:\Users\pgj10\.m2\repository\net\bytebuddy\byte-buddy\1.10.10\byte-buddy-1.10.10.jar;C:\Users\pgj10\.m2\repository\antlr\antlr\2.7.7\antlr-2.7.7.jar;C:\Users\pgj10\.m2\repository\org\jboss\jandex\2.1.3.Final\jandex-2.1.3.Final.jar;C:\Users\pgj10\.m2\repository\org\dom4j\dom4j\2.1.3\dom4j-2.1.3.jar;C:\Users\pgj10\.m2\repository\org\hibernate\common\hibernate-commons-annotations\5.1.0.Final\hibernate-commons-annotations-5.1.0.Final.jar;C:\Users\pgj10\.m2\repository\org\glassfish\jaxb\jaxb-runtime\2.3.3\jaxb-runtime-2.3.3.jar;C:\Users\pgj10\.m2\repository\org\glassfish\jaxb\txw2\2.3.3\txw2-2.3.3.jar;C:\Users\pgj10\.m2\repository\com\sun\istack\istack-commons-runtime\3.0.11\istack-commons-runtime-3.0.11.jar;C:\Users\pgj10\.m2\repository\org\springframework\data\spring-data-jpa\2.3.0.RELEASE\spring-data-jpa
Launcher Type: SUN_STANDARD

[Global flags]
     bool BytecodeVerificationLocal                = false                                     {product} {command line}
     bool BytecodeVerificationRemote               = false                                     {product} {command line}
     intx CICompilerCount                          = 12                                        {product} {ergonomic}
     uint ConcGCThreads                            = 3                                         {product} {ergonomic}
     uint G1ConcRefinementThreads                  = 13                                        {product} {ergonomic}
   size_t G1HeapRegionSize                         = 1048576                                   {product} {ergonomic}
    uintx GCDrainStackTargetSize                   = 64                                        {product} {ergonomic}
   size_t InitialHeapSize                          = 268435456                                 {product} {ergonomic}
     bool ManagementServer                         = true                                      {product} {command line}
   size_t MarkStackSize                            = 4194304                                   {product} {ergonomic}
   size_t MaxHeapSize                              = 4278190080                                {product} {ergonomic}
   size_t MaxNewSize                               = 2566914048                                {product} {ergonomic}
   size_t MinHeapDeltaBytes                        = 1048576                                   {product} {ergonomic}
    uintx NonNMethodCodeHeapSize                   = 12163472                               {pd product} {ergonomic}
    uintx NonProfiledCodeHeapSize                  = 239494768                              {pd product} {ergonomic}
    uintx ProfiledCodeHeapSize                     = 0                                      {pd product} {ergonomic}
    uintx ReservedCodeCacheSize                    = 251658240                              {pd product} {ergonomic}
     bool SegmentedCodeCache                       = true                                      {product} {ergonomic}
     intx TieredStopAtLevel                        = 1                                         {product} {command line}
     bool UseCompressedClassPointers               = true                                 {lp64_product} {ergonomic}
     bool UseCompressedOops                        = true                                 {lp64_product} {ergonomic}
     bool UseG1GC                                  = true                                      {product} {ergonomic}
     bool UseLargePagesIndividualAllocation        = false                                  {pd product} {ergonomic}

Logging:
Log output configuration:
 #0: stdout all=warning uptime,level,tags
 #1: stderr all=off uptime,level,tags

Environment Variables:
PATH=C:/Program Files/RedHat/java-11-openjdk-11.0.7-1/bin/server;C:/Program Files/RedHat/java-11-openjdk-11.0.7-1/bin;C:\Windows\system32;C:\Windows;C:\Windows\System32\Wbem;C:\Windows\System32\WindowsPowerShell\v1.0\;C:\Windows\System32\OpenSSH\;C:\Program Files (x86)\NVIDIA Corporation\PhysX\Common;C:\Program Files\NVIDIA Corporation\NVIDIA NvDLISR;C:\Program Files\RedHat\java-11-openjdk-11.0.7-1\bin;C:\Program Files\nodejs\;C:\Program Files\Apache\apache-maven-3.6.3\bin;C:\Program Files (x86)\Intel\Intel(R) Memory And Storage Tool\;C:\Program Files\Intel\Intel(R) Memory And Storage Tool\;C:\Program Files\MongoDB\Server\4.2\bin;C:\ProgramData\chocolatey\bin;C:\Program Files\Git\cmd;C:\Program Files\MySQL\MySQL Server 8.0\bin;C:\Program Files\MySQL\MySQL Shell 8.0\bin\;C:\Users\pgj10\AppData\Local\Microsoft\WindowsApps;;C:\Users\pgj10\AppData\Local\Programs\Microsoft VS Code\bin;C:\Users\pgj10\AppData\Roaming\npm;C:\Program Files\heroku\bin;C:\Program Files\Spring tool suit;
USERNAME=pgj10
OS=Windows_NT
PROCESSOR_IDENTIFIER=AMD64 Family 23 Model 113 Stepping 0, AuthenticAMD



---------------  S Y S T E M  ---------------

OS: Windows 10 , 64 bit Build 18362 (10.0.18362.900)
OS uptime: 2 days 18:44 hours

CPU:total 16 (initial active 16) (16 cores per cpu, 2 threads per core) family 23 model 113 stepping 0, cmov, cx8, fxsr, mmx, sse, sse2, sse3, ssse3, sse4.1, sse4.2, popcnt, avx, avx2, aes, clmul, mmxext, 3dnowpref, lzcnt, sse4a, ht, tsc, tscinvbit, tscinv, bmi1, bmi2, adx, sha, fma

Memory: 4k page, system-wide physical 16318M (8464M free)
TotalPageFile size 18750M (AvailPageFile size 6072M)
current process WorkingSet (physical memory assigned to process): 97M, peak: 97M
current process commit charge ("private bytes"): 371M, peak: 371M

vm_info: OpenJDK 64-Bit Server VM (11.0.7+10-LTS) for windows-amd64 JRE (11.0.7+10-LTS), built on Apr  9 2020 00:20:14 by "" with MS VC++ 15.9 (VS2017)

END.
